<?xml version="1.0" encoding="UTF-8"?>
<testsuite name="com.ssafy.apigateway.ApigatewayApplicationTests" tests="1" skipped="0" failures="0" errors="0" timestamp="2023-03-25T15:29:52" hostname="BOOK-E9DN90U4L1" time="0.206">
  <properties/>
  <testcase name="contextLoads()" classname="com.ssafy.apigateway.ApigatewayApplicationTests" time="0.206"/>
  <system-out><![CDATA[00:29:45.799 [Test worker] DEBUG org.springframework.test.context.BootstrapUtils - Instantiating CacheAwareContextLoaderDelegate from class [org.springframework.test.context.cache.DefaultCacheAwareContextLoaderDelegate]
00:29:45.809 [Test worker] DEBUG org.springframework.test.context.BootstrapUtils - Instantiating BootstrapContext using constructor [public org.springframework.test.context.support.DefaultBootstrapContext(java.lang.Class,org.springframework.test.context.CacheAwareContextLoaderDelegate)]
00:29:45.838 [Test worker] DEBUG org.springframework.test.context.BootstrapUtils - Instantiating TestContextBootstrapper for test class [com.ssafy.apigateway.ApigatewayApplicationTests] from class [org.springframework.boot.test.context.SpringBootTestContextBootstrapper]
00:29:45.847 [Test worker] INFO org.springframework.boot.test.context.SpringBootTestContextBootstrapper - Neither @ContextConfiguration nor @ContextHierarchy found for test class [com.ssafy.apigateway.ApigatewayApplicationTests], using SpringBootContextLoader
00:29:45.851 [Test worker] DEBUG org.springframework.test.context.support.AbstractContextLoader - Did not detect default resource location for test class [com.ssafy.apigateway.ApigatewayApplicationTests]: class path resource [com/ssafy/apigateway/ApigatewayApplicationTests-context.xml] does not exist
00:29:45.852 [Test worker] DEBUG org.springframework.test.context.support.AbstractContextLoader - Did not detect default resource location for test class [com.ssafy.apigateway.ApigatewayApplicationTests]: class path resource [com/ssafy/apigateway/ApigatewayApplicationTestsContext.groovy] does not exist
00:29:45.852 [Test worker] INFO org.springframework.test.context.support.AbstractContextLoader - Could not detect default resource locations for test class [com.ssafy.apigateway.ApigatewayApplicationTests]: no resource found for suffixes {-context.xml, Context.groovy}.
00:29:45.852 [Test worker] INFO org.springframework.test.context.support.AnnotationConfigContextLoaderUtils - Could not detect default configuration classes for test class [com.ssafy.apigateway.ApigatewayApplicationTests]: ApigatewayApplicationTests does not declare any static, non-private, non-final, nested classes annotated with @Configuration.
00:29:45.894 [Test worker] DEBUG org.springframework.test.context.support.ActiveProfilesUtils - Could not find an 'annotation declaring class' for annotation type [org.springframework.test.context.ActiveProfiles] and class [com.ssafy.apigateway.ApigatewayApplicationTests]
00:29:45.958 [Test worker] DEBUG org.springframework.context.annotation.ClassPathScanningCandidateComponentProvider - Identified candidate component class: file [C:\SSAFY\workspace\2학기 특화\spring_cloud\apigateway\build\classes\java\main\com\ssafy\apigateway\ApigatewayApplication.class]
00:29:45.960 [Test worker] INFO org.springframework.boot.test.context.SpringBootTestContextBootstrapper - Found @SpringBootConfiguration com.ssafy.apigateway.ApigatewayApplication for test class com.ssafy.apigateway.ApigatewayApplicationTests
00:29:46.077 [Test worker] DEBUG org.springframework.boot.test.context.SpringBootTestContextBootstrapper - @TestExecutionListeners is not present for class [com.ssafy.apigateway.ApigatewayApplicationTests]: using defaults.
00:29:46.078 [Test worker] INFO org.springframework.boot.test.context.SpringBootTestContextBootstrapper - Loaded default TestExecutionListener class names from location [META-INF/spring.factories]: [org.springframework.boot.test.autoconfigure.restdocs.RestDocsTestExecutionListener, org.springframework.boot.test.autoconfigure.web.client.MockRestServiceServerResetTestExecutionListener, org.springframework.boot.test.autoconfigure.web.servlet.MockMvcPrintOnlyOnFailureTestExecutionListener, org.springframework.boot.test.autoconfigure.web.servlet.WebDriverTestExecutionListener, org.springframework.boot.test.autoconfigure.webservices.client.MockWebServiceServerTestExecutionListener, org.springframework.boot.test.mock.mockito.MockitoTestExecutionListener, org.springframework.boot.test.mock.mockito.ResetMocksTestExecutionListener, org.springframework.test.context.web.ServletTestExecutionListener, org.springframework.test.context.support.DirtiesContextBeforeModesTestExecutionListener, org.springframework.test.context.event.ApplicationEventsTestExecutionListener, org.springframework.test.context.support.DependencyInjectionTestExecutionListener, org.springframework.test.context.support.DirtiesContextTestExecutionListener, org.springframework.test.context.transaction.TransactionalTestExecutionListener, org.springframework.test.context.jdbc.SqlScriptsTestExecutionListener, org.springframework.test.context.event.EventPublishingTestExecutionListener]
00:29:46.086 [Test worker] DEBUG org.springframework.boot.test.context.SpringBootTestContextBootstrapper - Skipping candidate TestExecutionListener [org.springframework.test.context.web.ServletTestExecutionListener] due to a missing dependency. Specify custom listener classes or make the default listener classes and their required dependencies available. Offending class: [javax/servlet/ServletContext]
00:29:46.094 [Test worker] INFO org.springframework.boot.test.context.SpringBootTestContextBootstrapper - Using TestExecutionListeners: [org.springframework.test.context.support.DirtiesContextBeforeModesTestExecutionListener@79c5636f, org.springframework.test.context.event.ApplicationEventsTestExecutionListener@1929425f, org.springframework.boot.test.mock.mockito.MockitoTestExecutionListener@718607eb, org.springframework.boot.test.autoconfigure.SpringBootDependencyInjectionTestExecutionListener@27f3b6d6, org.springframework.test.context.support.DirtiesContextTestExecutionListener@757f675c, org.springframework.test.context.transaction.TransactionalTestExecutionListener@2617f816, org.springframework.test.context.jdbc.SqlScriptsTestExecutionListener@676f0a60, org.springframework.test.context.event.EventPublishingTestExecutionListener@5d10455d, org.springframework.boot.test.autoconfigure.restdocs.RestDocsTestExecutionListener@535b8c24, org.springframework.boot.test.autoconfigure.web.client.MockRestServiceServerResetTestExecutionListener@4a951911, org.springframework.boot.test.autoconfigure.web.servlet.MockMvcPrintOnlyOnFailureTestExecutionListener@55b62629, org.springframework.boot.test.autoconfigure.web.servlet.WebDriverTestExecutionListener@a53bb6f, org.springframework.boot.test.autoconfigure.webservices.client.MockWebServiceServerTestExecutionListener@5e63cad, org.springframework.boot.test.mock.mockito.ResetMocksTestExecutionListener@6759f091]
00:29:46.097 [Test worker] DEBUG org.springframework.test.context.support.AbstractDirtiesContextTestExecutionListener - Before test class: context [DefaultTestContext@13cda7c9 testClass = ApigatewayApplicationTests, testInstance = [null], testMethod = [null], testException = [null], mergedContextConfiguration = [ReactiveWebMergedContextConfiguration@5aa6202e testClass = ApigatewayApplicationTests, locations = '{}', classes = '{class com.ssafy.apigateway.ApigatewayApplication}', contextInitializerClasses = '[]', activeProfiles = '{}', propertySourceLocations = '{}', propertySourceProperties = '{org.springframework.boot.test.context.SpringBootTestContextBootstrapper=true}', contextCustomizers = set[org.springframework.boot.test.autoconfigure.actuate.metrics.MetricsExportContextCustomizerFactory$DisableMetricExportContextCustomizer@3f363cf5, org.springframework.boot.test.autoconfigure.properties.PropertyMappingContextCustomizer@0, org.springframework.boot.test.autoconfigure.web.servlet.WebDriverContextCustomizerFactory$Customizer@a5b0b86, org.springframework.boot.test.context.filter.ExcludeFilterContextCustomizer@b968a76, org.springframework.boot.test.json.DuplicateJsonObjectContextCustomizerFactory$DuplicateJsonObjectContextCustomizer@1433046b, org.springframework.boot.test.mock.mockito.MockitoContextCustomizer@0, org.springframework.boot.test.web.client.TestRestTemplateContextCustomizer@2e54db99, org.springframework.boot.test.web.reactive.server.WebTestClientContextCustomizer@426b6a74, org.springframework.boot.test.context.SpringBootTestArgs@1, org.springframework.boot.test.context.SpringBootTestWebEnvironment@518caac3], contextLoader = 'org.springframework.boot.test.context.SpringBootContextLoader', parent = [null]], attributes = map[[empty]]], class annotated with @DirtiesContext [false] with mode [null].
00:29:46.107 [Test worker] DEBUG org.springframework.test.context.support.DependencyInjectionTestExecutionListener - Performing dependency injection for test context [[DefaultTestContext@13cda7c9 testClass = ApigatewayApplicationTests, testInstance = com.ssafy.apigateway.ApigatewayApplicationTests@55caeb35, testMethod = [null], testException = [null], mergedContextConfiguration = [ReactiveWebMergedContextConfiguration@5aa6202e testClass = ApigatewayApplicationTests, locations = '{}', classes = '{class com.ssafy.apigateway.ApigatewayApplication}', contextInitializerClasses = '[]', activeProfiles = '{}', propertySourceLocations = '{}', propertySourceProperties = '{org.springframework.boot.test.context.SpringBootTestContextBootstrapper=true}', contextCustomizers = set[org.springframework.boot.test.autoconfigure.actuate.metrics.MetricsExportContextCustomizerFactory$DisableMetricExportContextCustomizer@3f363cf5, org.springframework.boot.test.autoconfigure.properties.PropertyMappingContextCustomizer@0, org.springframework.boot.test.autoconfigure.web.servlet.WebDriverContextCustomizerFactory$Customizer@a5b0b86, org.springframework.boot.test.context.filter.ExcludeFilterContextCustomizer@b968a76, org.springframework.boot.test.json.DuplicateJsonObjectContextCustomizerFactory$DuplicateJsonObjectContextCustomizer@1433046b, org.springframework.boot.test.mock.mockito.MockitoContextCustomizer@0, org.springframework.boot.test.web.client.TestRestTemplateContextCustomizer@2e54db99, org.springframework.boot.test.web.reactive.server.WebTestClientContextCustomizer@426b6a74, org.springframework.boot.test.context.SpringBootTestArgs@1, org.springframework.boot.test.context.SpringBootTestWebEnvironment@518caac3], contextLoader = 'org.springframework.boot.test.context.SpringBootContextLoader', parent = [null]], attributes = map['org.springframework.test.context.event.ApplicationEventsTestExecutionListener.recordApplicationEvents' -> false]]].

  .   ____          _            __ _ _
 /\\ / ___'_ __ _ _(_)_ __  __ _ \ \ \ \
( ( )\___ | '_ | '_| | '_ \/ _` | \ \ \ \
 \\/  ___)| |_)| | | | | || (_| |  ) ) ) )
  '  |____| .__|_| |_|_| |_\__, | / / / /
 =========|_|==============|___/=/_/_/_/
 :: Spring Boot ::                (v2.7.9)

2023-03-26 00:29:46.652  INFO 28316 --- [    Test worker] c.s.a.ApigatewayApplicationTests         : Starting ApigatewayApplicationTests using Java 11 on BOOK-E9DN90U4L1 with PID 28316 (started by joen0 in C:\SSAFY\workspace\2학기 특화\spring_cloud\apigateway)
2023-03-26 00:29:46.653  INFO 28316 --- [    Test worker] c.s.a.ApigatewayApplicationTests         : No active profile set, falling back to 1 default profile: "default"
2023-03-26 00:29:47.527  INFO 28316 --- [    Test worker] .s.d.r.c.RepositoryConfigurationDelegate : Bootstrapping Spring Data JPA repositories in DEFAULT mode.
2023-03-26 00:29:47.542  INFO 28316 --- [    Test worker] .s.d.r.c.RepositoryConfigurationDelegate : Finished Spring Data repository scanning in 6 ms. Found 0 JPA repository interfaces.
2023-03-26 00:29:47.751  INFO 28316 --- [    Test worker] o.s.cloud.context.scope.GenericScope     : BeanFactory id=2dcb7521-bca1-366b-aa62-e80a671f50f6
2023-03-26 00:29:48.085  INFO 28316 --- [    Test worker] trationDelegate$BeanPostProcessorChecker : Bean 'org.springframework.cloud.client.loadbalancer.reactive.LoadBalancerBeanPostProcessorAutoConfiguration' of type [org.springframework.cloud.client.loadbalancer.reactive.LoadBalancerBeanPostProcessorAutoConfiguration] is not eligible for getting processed by all BeanPostProcessors (for example: not eligible for auto-proxying)
2023-03-26 00:29:48.087  INFO 28316 --- [    Test worker] trationDelegate$BeanPostProcessorChecker : Bean 'org.springframework.cloud.client.loadbalancer.reactive.LoadBalancerBeanPostProcessorAutoConfiguration$ReactorDeferringLoadBalancerFilterConfig' of type [org.springframework.cloud.client.loadbalancer.reactive.LoadBalancerBeanPostProcessorAutoConfiguration$ReactorDeferringLoadBalancerFilterConfig] is not eligible for getting processed by all BeanPostProcessors (for example: not eligible for auto-proxying)
2023-03-26 00:29:48.091  INFO 28316 --- [    Test worker] trationDelegate$BeanPostProcessorChecker : Bean 'reactorDeferringLoadBalancerExchangeFilterFunction' of type [org.springframework.cloud.client.loadbalancer.reactive.DeferringLoadBalancerExchangeFilterFunction] is not eligible for getting processed by all BeanPostProcessors (for example: not eligible for auto-proxying)
2023-03-26 00:29:48.314  INFO 28316 --- [    Test worker] o.hibernate.jpa.internal.util.LogHelper  : HHH000204: Processing PersistenceUnitInfo [name: default]
2023-03-26 00:29:48.382  INFO 28316 --- [    Test worker] org.hibernate.Version                    : HHH000412: Hibernate ORM core version 5.6.15.Final
2023-03-26 00:29:48.564  INFO 28316 --- [    Test worker] o.hibernate.annotations.common.Version   : HCANN000001: Hibernate Commons Annotations {5.1.2.Final}
2023-03-26 00:29:48.678  INFO 28316 --- [    Test worker] com.zaxxer.hikari.HikariDataSource       : HikariPool-1 - Starting...
2023-03-26 00:29:49.206  INFO 28316 --- [    Test worker] com.zaxxer.hikari.HikariDataSource       : HikariPool-1 - Start completed.
2023-03-26 00:29:49.247  INFO 28316 --- [    Test worker] org.hibernate.dialect.Dialect            : HHH000400: Using dialect: org.hibernate.dialect.MySQL8Dialect
2023-03-26 00:29:49.482  INFO 28316 --- [    Test worker] o.h.e.t.j.p.i.JtaPlatformInitiator       : HHH000490: Using JtaPlatform implementation: [org.hibernate.engine.transaction.jta.platform.internal.NoJtaPlatform]
2023-03-26 00:29:49.495  INFO 28316 --- [    Test worker] j.LocalContainerEntityManagerFactoryBean : Initialized JPA EntityManagerFactory for persistence unit 'default'
2023-03-26 00:29:51.154  INFO 28316 --- [    Test worker] o.s.c.g.r.RouteDefinitionRouteLocator    : Loaded RoutePredicateFactory [After]
2023-03-26 00:29:51.154  INFO 28316 --- [    Test worker] o.s.c.g.r.RouteDefinitionRouteLocator    : Loaded RoutePredicateFactory [Before]
2023-03-26 00:29:51.155  INFO 28316 --- [    Test worker] o.s.c.g.r.RouteDefinitionRouteLocator    : Loaded RoutePredicateFactory [Between]
2023-03-26 00:29:51.155  INFO 28316 --- [    Test worker] o.s.c.g.r.RouteDefinitionRouteLocator    : Loaded RoutePredicateFactory [Cookie]
2023-03-26 00:29:51.156  INFO 28316 --- [    Test worker] o.s.c.g.r.RouteDefinitionRouteLocator    : Loaded RoutePredicateFactory [Header]
2023-03-26 00:29:51.156  INFO 28316 --- [    Test worker] o.s.c.g.r.RouteDefinitionRouteLocator    : Loaded RoutePredicateFactory [Host]
2023-03-26 00:29:51.157  INFO 28316 --- [    Test worker] o.s.c.g.r.RouteDefinitionRouteLocator    : Loaded RoutePredicateFactory [Method]
2023-03-26 00:29:51.157  INFO 28316 --- [    Test worker] o.s.c.g.r.RouteDefinitionRouteLocator    : Loaded RoutePredicateFactory [Path]
2023-03-26 00:29:51.157  INFO 28316 --- [    Test worker] o.s.c.g.r.RouteDefinitionRouteLocator    : Loaded RoutePredicateFactory [Query]
2023-03-26 00:29:51.157  INFO 28316 --- [    Test worker] o.s.c.g.r.RouteDefinitionRouteLocator    : Loaded RoutePredicateFactory [ReadBody]
2023-03-26 00:29:51.157  INFO 28316 --- [    Test worker] o.s.c.g.r.RouteDefinitionRouteLocator    : Loaded RoutePredicateFactory [RemoteAddr]
2023-03-26 00:29:51.157  INFO 28316 --- [    Test worker] o.s.c.g.r.RouteDefinitionRouteLocator    : Loaded RoutePredicateFactory [XForwardedRemoteAddr]
2023-03-26 00:29:51.157  INFO 28316 --- [    Test worker] o.s.c.g.r.RouteDefinitionRouteLocator    : Loaded RoutePredicateFactory [Weight]
2023-03-26 00:29:51.157  INFO 28316 --- [    Test worker] o.s.c.g.r.RouteDefinitionRouteLocator    : Loaded RoutePredicateFactory [CloudFoundryRouteService]
2023-03-26 00:29:51.794  INFO 28316 --- [    Test worker] DiscoveryClientOptionalArgsConfiguration : Eureka HTTP Client uses RestTemplate.
2023-03-26 00:29:52.324  WARN 28316 --- [    Test worker] iguration$LoadBalancerCaffeineWarnLogger : Spring Cloud LoadBalancer is currently working with the default cache. While this cache implementation is useful for development and tests, it's recommended to use Caffeine cache in production.You can switch to using Caffeine cache, by adding it and org.springframework.cache.caffeine.CaffeineCacheManager to the classpath.
2023-03-26 00:29:52.351  INFO 28316 --- [    Test worker] o.s.c.n.eureka.InstanceInfoFactory       : Setting initial instance status as: STARTING
2023-03-26 00:29:52.406  INFO 28316 --- [    Test worker] com.netflix.discovery.DiscoveryClient    : Initializing Eureka in region us-east-1
2023-03-26 00:29:52.406  INFO 28316 --- [    Test worker] com.netflix.discovery.DiscoveryClient    : Client configured to neither register nor query for data.
2023-03-26 00:29:52.419  INFO 28316 --- [    Test worker] com.netflix.discovery.DiscoveryClient    : Discovery Client initialized at timestamp 1679758192416 with initial instances count: 0
2023-03-26 00:29:52.429  INFO 28316 --- [    Test worker] o.s.c.n.e.s.EurekaServiceRegistry        : Registering application APIGATEWAY with eureka with status UP
2023-03-26 00:29:52.522  INFO 28316 --- [    Test worker] c.s.a.ApigatewayApplicationTests         : Started ApigatewayApplicationTests in 6.389 seconds (JVM running for 7.749)
]]></system-out>
  <system-err><![CDATA[]]></system-err>
</testsuite>
